[Mon Mar 10 14:20:50 KST 2025] Checking for updates...
[Mon Mar 10 14:20:50 KST 2025] Running git pull...
[Mon Mar 10 14:20:53 KST 2025] No changes, already up to date.
[Mon Mar 10 14:32:45 KST 2025] Checking for updates...
[Mon Mar 10 14:32:45 KST 2025] Running git pull...
[Mon Mar 10 14:32:48 KST 2025] No changes, already up to date.
[Mon Mar 10 14:32:49 KST 2025] Checking for updates...
[Mon Mar 10 14:32:49 KST 2025] Running git pull...
[Mon Mar 10 14:32:51 KST 2025] No changes, already up to date.
[Mon Mar 10 14:33:54 KST 2025] Checking for updates...
[Mon Mar 10 14:33:54 KST 2025] Running git pull...
[Mon Mar 10 14:44:06 KST 2025] Checking for updates...
[Mon Mar 10 14:44:06 KST 2025] Running git pull...
[Mon Mar 10 14:44:09 KST 2025] No changes, already up to date.
[Mon Mar 10 14:44:17 KST 2025] Checking for updates...
[Mon Mar 10 14:44:17 KST 2025] Running git pull...
[Mon Mar 10 14:44:20 KST 2025] No changes, already up to date.
[Mon Mar 10 14:44:27 KST 2025] Checking for updates...
[Mon Mar 10 14:44:27 KST 2025] Running git pull...
[Mon Mar 10 14:44:30 KST 2025] No changes, already up to date.
[Mon Mar 10 14:44:38 KST 2025] Checking for updates...
[Mon Mar 10 14:44:38 KST 2025] Running git pull...
[Mon Mar 10 14:44:40 KST 2025] No changes, already up to date.
[Mon Mar 10 14:44:48 KST 2025] Checking for updates...
[Mon Mar 10 14:44:48 KST 2025] Running git pull...
[Mon Mar 10 14:44:51 KST 2025] No changes, already up to date.
[Mon Mar 10 14:44:59 KST 2025] Checking for updates...
[Mon Mar 10 14:44:59 KST 2025] Running git pull...
[Mon Mar 10 14:45:01 KST 2025] No changes, already up to date.
[Mon Mar 10 14:45:10 KST 2025] Checking for updates...
[Mon Mar 10 14:45:10 KST 2025] Running git pull...
[Mon Mar 10 14:45:12 KST 2025] No changes, already up to date.
[Mon Mar 10 14:45:20 KST 2025] Checking for updates...
[Mon Mar 10 14:45:20 KST 2025] Running git pull...
[Mon Mar 10 14:45:23 KST 2025] No changes, already up to date.
[Mon Mar 10 14:45:31 KST 2025] Checking for updates...
[Mon Mar 10 14:45:31 KST 2025] Running git pull...
[Mon Mar 10 14:45:34 KST 2025] No changes, already up to date.
[Mon Mar 10 14:45:42 KST 2025] Checking for updates...
[Mon Mar 10 14:45:42 KST 2025] Running git pull...
[Mon Mar 10 14:45:45 KST 2025] No changes, already up to date.
[Mon Mar 10 14:45:53 KST 2025] Checking for updates...
[Mon Mar 10 14:45:53 KST 2025] Running git pull...
[Mon Mar 10 14:45:57 KST 2025] No changes, already up to date.
[Mon Mar 10 14:46:04 KST 2025] Checking for updates...
[Mon Mar 10 14:46:04 KST 2025] Running git pull...
[Mon Mar 10 14:46:06 KST 2025] No changes, already up to date.
[Mon Mar 10 14:46:14 KST 2025] Checking for updates...
[Mon Mar 10 14:46:14 KST 2025] Running git pull...
[Mon Mar 10 14:46:17 KST 2025] No changes, already up to date.
[Mon Mar 10 14:46:25 KST 2025] Checking for updates...
[Mon Mar 10 14:46:25 KST 2025] Running git pull...
[Mon Mar 10 14:46:27 KST 2025] No changes, already up to date.
[Mon Mar 10 14:46:36 KST 2025] Checking for updates...
[Mon Mar 10 14:46:36 KST 2025] Running git pull...
[Mon Mar 10 14:46:38 KST 2025] No changes, already up to date.
[Mon Mar 10 14:46:47 KST 2025] Checking for updates...
[Mon Mar 10 14:46:47 KST 2025] Running git pull...
[Mon Mar 10 14:46:49 KST 2025] No changes, already up to date.
[Mon Mar 10 14:46:57 KST 2025] Checking for updates...
[Mon Mar 10 14:46:57 KST 2025] Running git pull...
[Mon Mar 10 14:47:00 KST 2025] No changes, already up to date.
[Mon Mar 10 14:47:08 KST 2025] Checking for updates...
[Mon Mar 10 14:47:08 KST 2025] Running git pull...
[Mon Mar 10 14:47:10 KST 2025] No changes, already up to date.
[Mon Mar 10 14:47:18 KST 2025] Checking for updates...
[Mon Mar 10 14:47:18 KST 2025] Running git pull...
[Mon Mar 10 14:47:21 KST 2025] No changes, already up to date.
[Mon Mar 10 14:47:29 KST 2025] Checking for updates...
[Mon Mar 10 14:47:29 KST 2025] Running git pull...
[Mon Mar 10 14:47:32 KST 2025] No changes, already up to date.
[Mon Mar 10 14:47:40 KST 2025] Checking for updates...
[Mon Mar 10 14:47:40 KST 2025] Running git pull...
[Mon Mar 10 14:47:43 KST 2025] No changes, already up to date.
[Mon Mar 10 14:47:50 KST 2025] Checking for updates...
[Mon Mar 10 14:47:50 KST 2025] Running git pull...
[Mon Mar 10 14:47:54 KST 2025] No changes, already up to date.
[Mon Mar 10 14:48:01 KST 2025] Checking for updates...
[Mon Mar 10 14:48:01 KST 2025] Running git pull...
[Mon Mar 10 14:48:04 KST 2025] No changes, already up to date.
[Mon Mar 10 14:48:11 KST 2025] Checking for updates...
[Mon Mar 10 14:48:11 KST 2025] Running git pull...
[Mon Mar 10 14:48:14 KST 2025] No changes, already up to date.
[Mon Mar 10 14:48:22 KST 2025] Checking for updates...
[Mon Mar 10 14:48:22 KST 2025] Running git pull...
[Mon Mar 10 14:48:24 KST 2025] No changes, already up to date.
[Mon Mar 10 14:48:32 KST 2025] Checking for updates...
[Mon Mar 10 14:48:32 KST 2025] Running git pull...
[Mon Mar 10 14:48:35 KST 2025] No changes, already up to date.
[Mon Mar 10 14:48:43 KST 2025] Checking for updates...
[Mon Mar 10 14:48:43 KST 2025] Running git pull...
[Mon Mar 10 14:48:45 KST 2025] No changes, already up to date.
[Mon Mar 10 14:48:54 KST 2025] Checking for updates...
[Mon Mar 10 14:48:54 KST 2025] Running git pull...
[Mon Mar 10 14:48:56 KST 2025] No changes, already up to date.
[Mon Mar 10 14:49:04 KST 2025] Checking for updates...
[Mon Mar 10 14:49:04 KST 2025] Running git pull...
[Mon Mar 10 15:20:27 KST 2025] Checking for updates...
[Mon Mar 10 15:20:27 KST 2025] Running git pull...
[Mon Mar 10 15:20:29 KST 2025] No changes, already up to date.
[Mon Mar 10 15:35:04 KST 2025] Checking for updates...
[Mon Mar 10 15:35:04 KST 2025] Running git pull...
[Mon Mar 10 15:35:08 KST 2025] No changes, already up to date.
[Tue Mar 11 10:01:14 KST 2025] Running git pull...
[Tue Mar 11 10:01:17 KST 2025] No changes, already up to date.
